{
  "stats": {
    "suites": 5,
    "tests": 8,
    "passes": 8,
    "pending": 0,
    "failures": 0,
    "start": "2018-04-17T03:00:39.194Z",
    "end": "2018-04-17T03:00:39.323Z",
    "duration": 129,
    "testsRegistered": 8,
    "passPercent": 100,
    "pendingPercent": 0,
    "other": 0,
    "hasOther": false,
    "skipped": 0,
    "hasSkipped": false,
    "passPercentClass": "success",
    "pendingPercentClass": "danger"
  },
  "suites": {
    "uuid": "fb759de6-49ae-42d3-9fc4-330f8d2a92ce",
    "title": "",
    "fullFile": "",
    "file": "",
    "beforeHooks": [],
    "afterHooks": [],
    "tests": [],
    "suites": [
      {
        "uuid": "df76eeec-f29a-4e76-9217-35e4ceebe10a",
        "title": "# 后端api Test",
        "fullFile": "/Users/mind/development/code/JavaScript/Github/vue-unit-test/test/api/data.spec.js",
        "file": "/test/api/data.spec.js",
        "beforeHooks": [
          {
            "title": "\"before all\" hook",
            "fullTitle": "# 后端api Test \"before all\" hook",
            "timedOut": false,
            "duration": 43,
            "pass": false,
            "fail": false,
            "pending": false,
            "code": "var gen = fn.apply(this, arguments);\nreturn new _promise2.default(function (resolve, reject) {\n  function step(key, arg) {\n    try {\n      var info = gen[key](arg);\n      var value = info.value;\n    } catch (error) {\n      reject(error);\n      return;\n    }\n    if (info.done) {\n      resolve(value);\n    } else {\n      return _promise2.default.resolve(value).then(function (value) {\n        step(\"next\", value);\n      }, function (err) {\n        step(\"throw\", err);\n      });\n    }\n  }\n  return step(\"next\");\n});",
            "err": {},
            "isRoot": false,
            "uuid": "5a03b4e2-cfac-48a4-8c03-d6fbacccb765",
            "isHook": true,
            "skipped": false
          }
        ],
        "afterHooks": [],
        "tests": [],
        "suites": [
          {
            "uuid": "febfc2a9-365a-45b9-8ebf-f41428e47e8b",
            "title": "# /postsList 接口相关测试",
            "fullFile": "/Users/mind/development/code/JavaScript/Github/vue-unit-test/test/api/data.spec.js",
            "file": "/test/api/data.spec.js",
            "beforeHooks": [],
            "afterHooks": [],
            "tests": [
              {
                "title": "# 状态码 是否为200",
                "fullTitle": "# 后端api Test # /postsList 接口相关测试 # 状态码 是否为200",
                "timedOut": false,
                "duration": 6,
                "state": "passed",
                "speed": "fast",
                "pass": true,
                "fail": false,
                "pending": false,
                "code": "var gen = fn.apply(this, arguments);\nreturn new _promise2.default(function (resolve, reject) {\n  function step(key, arg) {\n    try {\n      var info = gen[key](arg);\n      var value = info.value;\n    } catch (error) {\n      reject(error);\n      return;\n    }\n    if (info.done) {\n      resolve(value);\n    } else {\n      return _promise2.default.resolve(value).then(function (value) {\n        step(\"next\", value);\n      }, function (err) {\n        step(\"throw\", err);\n      });\n    }\n  }\n  return step(\"next\");\n});",
                "err": {},
                "isRoot": false,
                "uuid": "d3cac980-2a5a-499f-81c6-deb603308a89",
                "isHook": false,
                "skipped": false
              },
              {
                "title": "# 返回数据是否符合预期JSON-SCHEMA",
                "fullTitle": "# 后端api Test # /postsList 接口相关测试 # 返回数据是否符合预期JSON-SCHEMA",
                "timedOut": false,
                "duration": 33,
                "state": "passed",
                "speed": "fast",
                "pass": true,
                "fail": false,
                "pending": false,
                "code": "var gen = fn.apply(this, arguments);\nreturn new _promise2.default(function (resolve, reject) {\n  function step(key, arg) {\n    try {\n      var info = gen[key](arg);\n      var value = info.value;\n    } catch (error) {\n      reject(error);\n      return;\n    }\n    if (info.done) {\n      resolve(value);\n    } else {\n      return _promise2.default.resolve(value).then(function (value) {\n        step(\"next\", value);\n      }, function (err) {\n        step(\"throw\", err);\n      });\n    }\n  }\n  return step(\"next\");\n});",
                "err": {},
                "isRoot": false,
                "uuid": "67324b93-97d9-440a-ac43-e80934ebe961",
                "isHook": false,
                "skipped": false
              }
            ],
            "suites": [],
            "passes": [
              "d3cac980-2a5a-499f-81c6-deb603308a89",
              "67324b93-97d9-440a-ac43-e80934ebe961"
            ],
            "failures": [],
            "pending": [],
            "skipped": [],
            "duration": 39,
            "root": false,
            "rootEmpty": false,
            "_timeout": 2000
          },
          {
            "uuid": "ecdecc8d-9839-48a0-bde7-a5c63711d8a5",
            "title": "# /postsDetail",
            "fullFile": "/Users/mind/development/code/JavaScript/Github/vue-unit-test/test/api/data.spec.js",
            "file": "/test/api/data.spec.js",
            "beforeHooks": [],
            "afterHooks": [],
            "tests": [
              {
                "title": "# /postsDetail状态码正常 为200 或 304",
                "fullTitle": "# 后端api Test # /postsDetail # /postsDetail状态码正常 为200 或 304",
                "timedOut": false,
                "duration": 8,
                "state": "passed",
                "speed": "fast",
                "pass": true,
                "fail": false,
                "pending": false,
                "code": "var gen = fn.apply(this, arguments);\nreturn new _promise2.default(function (resolve, reject) {\n  function step(key, arg) {\n    try {\n      var info = gen[key](arg);\n      var value = info.value;\n    } catch (error) {\n      reject(error);\n      return;\n    }\n    if (info.done) {\n      resolve(value);\n    } else {\n      return _promise2.default.resolve(value).then(function (value) {\n        step(\"next\", value);\n      }, function (err) {\n        step(\"throw\", err);\n      });\n    }\n  }\n  return step(\"next\");\n});",
                "err": {},
                "isRoot": false,
                "uuid": "fb6431b5-f0fa-4408-a2e7-91768d416537",
                "isHook": false,
                "skipped": false
              },
              {
                "title": "# /postsDetail返回数据是否符合预期JSON-SCHEMA",
                "fullTitle": "# 后端api Test # /postsDetail # /postsDetail返回数据是否符合预期JSON-SCHEMA",
                "timedOut": false,
                "duration": 5,
                "state": "passed",
                "speed": "fast",
                "pass": true,
                "fail": false,
                "pending": false,
                "code": "var gen = fn.apply(this, arguments);\nreturn new _promise2.default(function (resolve, reject) {\n  function step(key, arg) {\n    try {\n      var info = gen[key](arg);\n      var value = info.value;\n    } catch (error) {\n      reject(error);\n      return;\n    }\n    if (info.done) {\n      resolve(value);\n    } else {\n      return _promise2.default.resolve(value).then(function (value) {\n        step(\"next\", value);\n      }, function (err) {\n        step(\"throw\", err);\n      });\n    }\n  }\n  return step(\"next\");\n});",
                "err": {},
                "isRoot": false,
                "uuid": "2ac7ba16-9c5c-46a8-b30b-43c585c0abbd",
                "isHook": false,
                "skipped": false
              }
            ],
            "suites": [],
            "passes": [
              "fb6431b5-f0fa-4408-a2e7-91768d416537",
              "2ac7ba16-9c5c-46a8-b30b-43c585c0abbd"
            ],
            "failures": [],
            "pending": [],
            "skipped": [],
            "duration": 13,
            "root": false,
            "rootEmpty": false,
            "_timeout": 2000
          },
          {
            "uuid": "653ed2be-4716-46db-a104-1c047c48bfa4",
            "title": "# /commentsList",
            "fullFile": "/Users/mind/development/code/JavaScript/Github/vue-unit-test/test/api/data.spec.js",
            "file": "/test/api/data.spec.js",
            "beforeHooks": [],
            "afterHooks": [],
            "tests": [
              {
                "title": "# /commentsList状态码正常 为200 或 304",
                "fullTitle": "# 后端api Test # /commentsList # /commentsList状态码正常 为200 或 304",
                "timedOut": false,
                "duration": 5,
                "state": "passed",
                "speed": "fast",
                "pass": true,
                "fail": false,
                "pending": false,
                "code": "var gen = fn.apply(this, arguments);\nreturn new _promise2.default(function (resolve, reject) {\n  function step(key, arg) {\n    try {\n      var info = gen[key](arg);\n      var value = info.value;\n    } catch (error) {\n      reject(error);\n      return;\n    }\n    if (info.done) {\n      resolve(value);\n    } else {\n      return _promise2.default.resolve(value).then(function (value) {\n        step(\"next\", value);\n      }, function (err) {\n        step(\"throw\", err);\n      });\n    }\n  }\n  return step(\"next\");\n});",
                "err": {},
                "isRoot": false,
                "uuid": "8a1ab441-f312-4428-8247-0756bcb055ff",
                "isHook": false,
                "skipped": false
              },
              {
                "title": "# /commentsList返回数据是否符合预期JSON-SCHEMA",
                "fullTitle": "# 后端api Test # /commentsList # /commentsList返回数据是否符合预期JSON-SCHEMA",
                "timedOut": false,
                "duration": 5,
                "state": "passed",
                "speed": "fast",
                "pass": true,
                "fail": false,
                "pending": false,
                "code": "var gen = fn.apply(this, arguments);\nreturn new _promise2.default(function (resolve, reject) {\n  function step(key, arg) {\n    try {\n      var info = gen[key](arg);\n      var value = info.value;\n    } catch (error) {\n      reject(error);\n      return;\n    }\n    if (info.done) {\n      resolve(value);\n    } else {\n      return _promise2.default.resolve(value).then(function (value) {\n        step(\"next\", value);\n      }, function (err) {\n        step(\"throw\", err);\n      });\n    }\n  }\n  return step(\"next\");\n});",
                "err": {},
                "isRoot": false,
                "uuid": "c24ab1c3-a38e-4ad9-80c7-c217c501e30d",
                "isHook": false,
                "skipped": false
              }
            ],
            "suites": [],
            "passes": [
              "8a1ab441-f312-4428-8247-0756bcb055ff",
              "c24ab1c3-a38e-4ad9-80c7-c217c501e30d"
            ],
            "failures": [],
            "pending": [],
            "skipped": [],
            "duration": 10,
            "root": false,
            "rootEmpty": false,
            "_timeout": 2000
          },
          {
            "uuid": "0b73bf4d-fe01-4ee4-bfa9-5b7491371e12",
            "title": "# /userInfo",
            "fullFile": "/Users/mind/development/code/JavaScript/Github/vue-unit-test/test/api/data.spec.js",
            "file": "/test/api/data.spec.js",
            "beforeHooks": [],
            "afterHooks": [],
            "tests": [
              {
                "title": "# /userInfo状态码 是否为200",
                "fullTitle": "# 后端api Test # /userInfo # /userInfo状态码 是否为200",
                "timedOut": false,
                "duration": 2,
                "state": "passed",
                "speed": "fast",
                "pass": true,
                "fail": false,
                "pending": false,
                "code": "var gen = fn.apply(this, arguments);\nreturn new _promise2.default(function (resolve, reject) {\n  function step(key, arg) {\n    try {\n      var info = gen[key](arg);\n      var value = info.value;\n    } catch (error) {\n      reject(error);\n      return;\n    }\n    if (info.done) {\n      resolve(value);\n    } else {\n      return _promise2.default.resolve(value).then(function (value) {\n        step(\"next\", value);\n      }, function (err) {\n        step(\"throw\", err);\n      });\n    }\n  }\n  return step(\"next\");\n});",
                "err": {},
                "isRoot": false,
                "uuid": "f4dc6a3e-f9c0-4d95-a81b-c91914d9841d",
                "isHook": false,
                "skipped": false
              },
              {
                "title": "# /userInfo返回数据是否符合预期JSON-SCHEMA",
                "fullTitle": "# 后端api Test # /userInfo # /userInfo返回数据是否符合预期JSON-SCHEMA",
                "timedOut": false,
                "duration": 9,
                "state": "passed",
                "speed": "fast",
                "pass": true,
                "fail": false,
                "pending": false,
                "code": "var gen = fn.apply(this, arguments);\nreturn new _promise2.default(function (resolve, reject) {\n  function step(key, arg) {\n    try {\n      var info = gen[key](arg);\n      var value = info.value;\n    } catch (error) {\n      reject(error);\n      return;\n    }\n    if (info.done) {\n      resolve(value);\n    } else {\n      return _promise2.default.resolve(value).then(function (value) {\n        step(\"next\", value);\n      }, function (err) {\n        step(\"throw\", err);\n      });\n    }\n  }\n  return step(\"next\");\n});",
                "err": {},
                "isRoot": false,
                "uuid": "55e8b37e-8ba6-4a78-90fb-b1076c14d03c",
                "isHook": false,
                "skipped": false
              }
            ],
            "suites": [],
            "passes": [
              "f4dc6a3e-f9c0-4d95-a81b-c91914d9841d",
              "55e8b37e-8ba6-4a78-90fb-b1076c14d03c"
            ],
            "failures": [],
            "pending": [],
            "skipped": [],
            "duration": 11,
            "root": false,
            "rootEmpty": false,
            "_timeout": 2000
          }
        ],
        "passes": [],
        "failures": [],
        "pending": [],
        "skipped": [],
        "duration": 0,
        "root": false,
        "rootEmpty": false,
        "_timeout": 2000
      }
    ],
    "passes": [],
    "failures": [],
    "pending": [],
    "skipped": [],
    "duration": 0,
    "root": true,
    "rootEmpty": true,
    "_timeout": 2000
  },
  "copyrightYear": 2018
}