{
  "stats": {
    "suites": 5,
    "tests": 8,
    "passes": 8,
    "pending": 0,
    "failures": 0,
    "start": "2018-04-16T15:48:19.643Z",
    "end": "2018-04-16T15:48:19.762Z",
    "duration": 119,
    "testsRegistered": 8,
    "passPercent": 100,
    "pendingPercent": 0,
    "other": 0,
    "hasOther": false,
    "skipped": 0,
    "hasSkipped": false,
    "passPercentClass": "success",
    "pendingPercentClass": "danger"
  },
  "suites": {
    "uuid": "15fc8493-cf15-4a6a-9647-4d0af70841fa",
    "title": "",
    "fullFile": "",
    "file": "",
    "beforeHooks": [],
    "afterHooks": [],
    "tests": [],
    "suites": [
      {
        "uuid": "4c362f7c-e2fb-4158-b218-ffca0b2ae6bc",
        "title": "# 后端api Test",
        "fullFile": "/Users/mind/development/code/JavaScript/Github/vue-unit-test/test/api/data.spec.js",
        "file": "/test/api/data.spec.js",
        "beforeHooks": [
          {
            "title": "\"before all\" hook",
            "fullTitle": "# 后端api Test \"before all\" hook",
            "timedOut": false,
            "duration": 27,
            "pass": false,
            "fail": false,
            "pending": false,
            "code": "var gen = fn.apply(this, arguments);\nreturn new _promise2.default(function (resolve, reject) {\n  function step(key, arg) {\n    try {\n      var info = gen[key](arg);\n      var value = info.value;\n    } catch (error) {\n      reject(error);\n      return;\n    }\n    if (info.done) {\n      resolve(value);\n    } else {\n      return _promise2.default.resolve(value).then(function (value) {\n        step(\"next\", value);\n      }, function (err) {\n        step(\"throw\", err);\n      });\n    }\n  }\n  return step(\"next\");\n});",
            "err": {},
            "isRoot": false,
            "uuid": "1989e8b6-1829-4c26-96b6-231e81ab7334",
            "isHook": true,
            "skipped": false
          }
        ],
        "afterHooks": [],
        "tests": [],
        "suites": [
          {
            "uuid": "7b7a8a8d-3858-4710-b1b8-027839655991",
            "title": "# /postsList 接口相关测试",
            "fullFile": "/Users/mind/development/code/JavaScript/Github/vue-unit-test/test/api/data.spec.js",
            "file": "/test/api/data.spec.js",
            "beforeHooks": [],
            "afterHooks": [],
            "tests": [
              {
                "title": "# 状态码 是否为200",
                "fullTitle": "# 后端api Test # /postsList 接口相关测试 # 状态码 是否为200",
                "timedOut": false,
                "duration": 6,
                "state": "passed",
                "speed": "fast",
                "pass": true,
                "fail": false,
                "pending": false,
                "code": "var gen = fn.apply(this, arguments);\nreturn new _promise2.default(function (resolve, reject) {\n  function step(key, arg) {\n    try {\n      var info = gen[key](arg);\n      var value = info.value;\n    } catch (error) {\n      reject(error);\n      return;\n    }\n    if (info.done) {\n      resolve(value);\n    } else {\n      return _promise2.default.resolve(value).then(function (value) {\n        step(\"next\", value);\n      }, function (err) {\n        step(\"throw\", err);\n      });\n    }\n  }\n  return step(\"next\");\n});",
                "err": {},
                "isRoot": false,
                "uuid": "33cb8890-162e-4dc3-b834-a51768e93b11",
                "isHook": false,
                "skipped": false
              },
              {
                "title": "# 返回数据是否符合预期JSON-SCHEMA",
                "fullTitle": "# 后端api Test # /postsList 接口相关测试 # 返回数据是否符合预期JSON-SCHEMA",
                "timedOut": false,
                "duration": 35,
                "state": "passed",
                "speed": "fast",
                "pass": true,
                "fail": false,
                "pending": false,
                "code": "var gen = fn.apply(this, arguments);\nreturn new _promise2.default(function (resolve, reject) {\n  function step(key, arg) {\n    try {\n      var info = gen[key](arg);\n      var value = info.value;\n    } catch (error) {\n      reject(error);\n      return;\n    }\n    if (info.done) {\n      resolve(value);\n    } else {\n      return _promise2.default.resolve(value).then(function (value) {\n        step(\"next\", value);\n      }, function (err) {\n        step(\"throw\", err);\n      });\n    }\n  }\n  return step(\"next\");\n});",
                "err": {},
                "isRoot": false,
                "uuid": "3833fffb-5eec-46b1-b527-be0992049c2f",
                "isHook": false,
                "skipped": false
              }
            ],
            "suites": [],
            "passes": [
              "33cb8890-162e-4dc3-b834-a51768e93b11",
              "3833fffb-5eec-46b1-b527-be0992049c2f"
            ],
            "failures": [],
            "pending": [],
            "skipped": [],
            "duration": 41,
            "root": false,
            "rootEmpty": false,
            "_timeout": 2000
          },
          {
            "uuid": "2a561d75-625f-4fb5-9680-701612888e64",
            "title": "# /postsDetail",
            "fullFile": "/Users/mind/development/code/JavaScript/Github/vue-unit-test/test/api/data.spec.js",
            "file": "/test/api/data.spec.js",
            "beforeHooks": [],
            "afterHooks": [],
            "tests": [
              {
                "title": "# /postsDetail状态码 是否为200",
                "fullTitle": "# 后端api Test # /postsDetail # /postsDetail状态码 是否为200",
                "timedOut": false,
                "duration": 6,
                "state": "passed",
                "speed": "fast",
                "pass": true,
                "fail": false,
                "pending": false,
                "code": "var gen = fn.apply(this, arguments);\nreturn new _promise2.default(function (resolve, reject) {\n  function step(key, arg) {\n    try {\n      var info = gen[key](arg);\n      var value = info.value;\n    } catch (error) {\n      reject(error);\n      return;\n    }\n    if (info.done) {\n      resolve(value);\n    } else {\n      return _promise2.default.resolve(value).then(function (value) {\n        step(\"next\", value);\n      }, function (err) {\n        step(\"throw\", err);\n      });\n    }\n  }\n  return step(\"next\");\n});",
                "err": {},
                "isRoot": false,
                "uuid": "dac3564b-62dc-4a42-8a08-c87250e8909d",
                "isHook": false,
                "skipped": false
              },
              {
                "title": "# /postsDetail返回数据是否符合预期JSON-SCHEMA",
                "fullTitle": "# 后端api Test # /postsDetail # /postsDetail返回数据是否符合预期JSON-SCHEMA",
                "timedOut": false,
                "duration": 5,
                "state": "passed",
                "speed": "fast",
                "pass": true,
                "fail": false,
                "pending": false,
                "code": "var gen = fn.apply(this, arguments);\nreturn new _promise2.default(function (resolve, reject) {\n  function step(key, arg) {\n    try {\n      var info = gen[key](arg);\n      var value = info.value;\n    } catch (error) {\n      reject(error);\n      return;\n    }\n    if (info.done) {\n      resolve(value);\n    } else {\n      return _promise2.default.resolve(value).then(function (value) {\n        step(\"next\", value);\n      }, function (err) {\n        step(\"throw\", err);\n      });\n    }\n  }\n  return step(\"next\");\n});",
                "err": {},
                "isRoot": false,
                "uuid": "504ccc14-83ec-484f-aa86-a2fb4076d6d3",
                "isHook": false,
                "skipped": false
              }
            ],
            "suites": [],
            "passes": [
              "dac3564b-62dc-4a42-8a08-c87250e8909d",
              "504ccc14-83ec-484f-aa86-a2fb4076d6d3"
            ],
            "failures": [],
            "pending": [],
            "skipped": [],
            "duration": 11,
            "root": false,
            "rootEmpty": false,
            "_timeout": 2000
          },
          {
            "uuid": "97028257-e0da-46ae-9466-0feb73f64dde",
            "title": "# /commentsList",
            "fullFile": "/Users/mind/development/code/JavaScript/Github/vue-unit-test/test/api/data.spec.js",
            "file": "/test/api/data.spec.js",
            "beforeHooks": [],
            "afterHooks": [],
            "tests": [
              {
                "title": "# /commentsList状态码 是否为200",
                "fullTitle": "# 后端api Test # /commentsList # /commentsList状态码 是否为200",
                "timedOut": false,
                "duration": 3,
                "state": "passed",
                "speed": "fast",
                "pass": true,
                "fail": false,
                "pending": false,
                "code": "var gen = fn.apply(this, arguments);\nreturn new _promise2.default(function (resolve, reject) {\n  function step(key, arg) {\n    try {\n      var info = gen[key](arg);\n      var value = info.value;\n    } catch (error) {\n      reject(error);\n      return;\n    }\n    if (info.done) {\n      resolve(value);\n    } else {\n      return _promise2.default.resolve(value).then(function (value) {\n        step(\"next\", value);\n      }, function (err) {\n        step(\"throw\", err);\n      });\n    }\n  }\n  return step(\"next\");\n});",
                "err": {},
                "isRoot": false,
                "uuid": "f95e1f75-988c-49d3-956e-6f63b27d2f20",
                "isHook": false,
                "skipped": false
              },
              {
                "title": "# /commentsList返回数据是否符合预期JSON-SCHEMA",
                "fullTitle": "# 后端api Test # /commentsList # /commentsList返回数据是否符合预期JSON-SCHEMA",
                "timedOut": false,
                "duration": 8,
                "state": "passed",
                "speed": "fast",
                "pass": true,
                "fail": false,
                "pending": false,
                "code": "var gen = fn.apply(this, arguments);\nreturn new _promise2.default(function (resolve, reject) {\n  function step(key, arg) {\n    try {\n      var info = gen[key](arg);\n      var value = info.value;\n    } catch (error) {\n      reject(error);\n      return;\n    }\n    if (info.done) {\n      resolve(value);\n    } else {\n      return _promise2.default.resolve(value).then(function (value) {\n        step(\"next\", value);\n      }, function (err) {\n        step(\"throw\", err);\n      });\n    }\n  }\n  return step(\"next\");\n});",
                "err": {},
                "isRoot": false,
                "uuid": "ab1e7e0c-9f25-4c84-9d2b-f89d379acbb9",
                "isHook": false,
                "skipped": false
              }
            ],
            "suites": [],
            "passes": [
              "f95e1f75-988c-49d3-956e-6f63b27d2f20",
              "ab1e7e0c-9f25-4c84-9d2b-f89d379acbb9"
            ],
            "failures": [],
            "pending": [],
            "skipped": [],
            "duration": 11,
            "root": false,
            "rootEmpty": false,
            "_timeout": 2000
          },
          {
            "uuid": "8146735d-f94e-4966-9889-d5f14ec5edce",
            "title": "# /userInfo",
            "fullFile": "/Users/mind/development/code/JavaScript/Github/vue-unit-test/test/api/data.spec.js",
            "file": "/test/api/data.spec.js",
            "beforeHooks": [],
            "afterHooks": [],
            "tests": [
              {
                "title": "# /userInfo状态码 是否为200",
                "fullTitle": "# 后端api Test # /userInfo # /userInfo状态码 是否为200",
                "timedOut": false,
                "duration": 3,
                "state": "passed",
                "speed": "fast",
                "pass": true,
                "fail": false,
                "pending": false,
                "code": "var gen = fn.apply(this, arguments);\nreturn new _promise2.default(function (resolve, reject) {\n  function step(key, arg) {\n    try {\n      var info = gen[key](arg);\n      var value = info.value;\n    } catch (error) {\n      reject(error);\n      return;\n    }\n    if (info.done) {\n      resolve(value);\n    } else {\n      return _promise2.default.resolve(value).then(function (value) {\n        step(\"next\", value);\n      }, function (err) {\n        step(\"throw\", err);\n      });\n    }\n  }\n  return step(\"next\");\n});",
                "err": {},
                "isRoot": false,
                "uuid": "3fd32b99-8aa4-4147-8136-6c2d58fb45cf",
                "isHook": false,
                "skipped": false
              },
              {
                "title": "# /userInfo返回数据是否符合预期JSON-SCHEMA",
                "fullTitle": "# 后端api Test # /userInfo # /userInfo返回数据是否符合预期JSON-SCHEMA",
                "timedOut": false,
                "duration": 10,
                "state": "passed",
                "speed": "fast",
                "pass": true,
                "fail": false,
                "pending": false,
                "code": "var gen = fn.apply(this, arguments);\nreturn new _promise2.default(function (resolve, reject) {\n  function step(key, arg) {\n    try {\n      var info = gen[key](arg);\n      var value = info.value;\n    } catch (error) {\n      reject(error);\n      return;\n    }\n    if (info.done) {\n      resolve(value);\n    } else {\n      return _promise2.default.resolve(value).then(function (value) {\n        step(\"next\", value);\n      }, function (err) {\n        step(\"throw\", err);\n      });\n    }\n  }\n  return step(\"next\");\n});",
                "err": {},
                "isRoot": false,
                "uuid": "bb269b66-1263-4f31-a52c-52ce81070bdb",
                "isHook": false,
                "skipped": false
              }
            ],
            "suites": [],
            "passes": [
              "3fd32b99-8aa4-4147-8136-6c2d58fb45cf",
              "bb269b66-1263-4f31-a52c-52ce81070bdb"
            ],
            "failures": [],
            "pending": [],
            "skipped": [],
            "duration": 13,
            "root": false,
            "rootEmpty": false,
            "_timeout": 2000
          }
        ],
        "passes": [],
        "failures": [],
        "pending": [],
        "skipped": [],
        "duration": 0,
        "root": false,
        "rootEmpty": false,
        "_timeout": 2000
      }
    ],
    "passes": [],
    "failures": [],
    "pending": [],
    "skipped": [],
    "duration": 0,
    "root": true,
    "rootEmpty": true,
    "_timeout": 2000
  },
  "copyrightYear": 2018
}